<?xml version="1.0" encoding="UTF-8"?>
<!-- Generated by org.testng.reporters.JUnitReportReporter -->
<testsuite hostname="LAP-TZD-0X73500" name="com.qa.test.Get_API" tests="1" failures="0" timestamp="29 Apr 2020 19:08:18 GMT" time="6.012" errors="0">
  <testcase name="TC_001" time="6.012" classname="com.qa.test.Get_API"/>
</testsuite> <!-- com.qa.test.Get_API -->
