<?xml version="1.0" encoding="UTF-8"?>
<!-- Generated by org.testng.reporters.JUnitReportReporter -->
<testsuite hostname="LAP-TZD-0X73500" name="com.qa.test.Get_Validating_Header_Part" tests="1" failures="0" timestamp="29 Apr 2020 18:50:54 GMT" time="2.794" errors="0">
  <testcase name="validate_header_content" time="2.794" classname="com.qa.test.Get_Validating_Header_Part"/>
</testsuite> <!-- com.qa.test.Get_Validating_Header_Part -->
