<?xml version="1.0" encoding="UTF-8"?>
<!-- Generated by org.testng.reporters.JUnitReportReporter -->
<testsuite hostname="LAP-TZD-0X73500" name="com.qa.test.Get_Print_All_HeaderValue" tests="1" failures="0" timestamp="29 Apr 2020 19:30:55 GMT" time="2.474" errors="0">
  <testcase name="printAllHeaderContent" time="2.474" classname="com.qa.test.Get_Print_All_HeaderValue"/>
</testsuite> <!-- com.qa.test.Get_Print_All_HeaderValue -->
