<?xml version="1.0" encoding="UTF-8"?>
<!-- Generated by org.testng.reporters.JUnitReportReporter -->
<testsuite hostname="LAP-TZD-0X73500" name="com.qa.test.ExtractValueOfEachNodeInJson" tests="1" failures="0" timestamp="29 Apr 2020 19:59:09 GMT" time="2.765" errors="0">
  <testcase name="extract_value" time="2.765" classname="com.qa.test.ExtractValueOfEachNodeInJson"/>
</testsuite> <!-- com.qa.test.ExtractValueOfEachNodeInJson -->
