<?xml version="1.0" encoding="UTF-8"?>
<!-- Generated by org.testng.reporters.JUnitReportReporter -->
<testsuite hostname="LAP-TZD-0X73500" name="datadriventesting.DataDrivenTest_PostData" tests="1" failures="0" timestamp="30 Apr 2020 18:58:05 GMT" time="2.378" errors="0">
  <testcase name="test" time="2.378" classname="datadriventesting.DataDrivenTest_PostData"/>
</testsuite> <!-- datadriventesting.DataDrivenTest_PostData -->
