<?xml version="1.0" encoding="UTF-8"?>
<!-- Generated by org.testng.reporters.JUnitReportReporter -->
<testsuite hostname="LAP-TZD-0X73500" name="com.qa.test.Post_Request" tests="1" failures="0" timestamp="29 Apr 2020 18:28:42 GMT" time="3.049" errors="0">
  <testcase name="DeleteAircraft" time="3.049" classname="com.qa.test.Post_Request"/>
</testsuite> <!-- com.qa.test.Post_Request -->
